<?xml version="1.0" encoding="UTF-8"?>
<testng-results total="1" passed="1" failed="0" skipped="0">
  <reporter-output>
  </reporter-output>
  <suite started-at="2021-02-19T17:08:40Z" name="Surefire suite" finished-at="2021-02-19T17:09:02Z" duration-ms="21625">
    <groups>
      <group name="cucumber">
        <method signature="AbstractTestNGCucumberTests.feature(cucumber.api.testng.CucumberFeatureWrapper)[pri:0, instance:Runner.TestRunner@27d415d9]" name="feature" class="cucumber.api.testng.AbstractTestNGCucumberTests"/>
      </group> <!-- cucumber -->
    </groups>
    <test started-at="2021-02-19T17:08:40Z" name="Surefire test" finished-at="2021-02-19T17:09:02Z" duration-ms="21625">
      <class name="Runner.TestRunner">
        <test-method is-config="true" signature="LoadConfigProperty()[pri:0, instance:Runner.TestRunner@27d415d9]" started-at="2021-02-19T17:08:40Z" name="LoadConfigProperty" finished-at="2021-02-19T17:08:40Z" duration-ms="51" status="PASS">
          <reporter-output>
          </reporter-output>
        </test-method> <!-- LoadConfigProperty -->
        <test-method is-config="true" signature="setUpClass()[pri:0, instance:Runner.TestRunner@27d415d9]" started-at="2021-02-19T17:08:40Z" name="setUpClass" finished-at="2021-02-19T17:08:41Z" duration-ms="359" status="PASS">
          <reporter-output>
          </reporter-output>
        </test-method> <!-- setUpClass -->
        <test-method signature="feature(cucumber.api.testng.CucumberFeatureWrapper)[pri:0, instance:Runner.TestRunner@27d415d9]" started-at="2021-02-19T17:08:41Z" name="feature" description="Runs Cucumber Feature" data-provider="features" finished-at="2021-02-19T17:09:02Z" duration-ms="20745" status="PASS">
          <params>
            <param index="0">
              <value>
                <![CDATA[iPhone XR (64GB) - Yellow price comparision]]>
              </value>
            </param>
          </params>
          <reporter-output>
          </reporter-output>
        </test-method> <!-- feature -->
        <test-method is-config="true" signature="tearDownClass()[pri:0, instance:Runner.TestRunner@27d415d9]" started-at="2021-02-19T17:09:02Z" name="tearDownClass" finished-at="2021-02-19T17:09:02Z" duration-ms="403" status="PASS">
          <reporter-output>
          </reporter-output>
        </test-method> <!-- tearDownClass -->
        <test-method is-config="true" signature="generateHTMLReports()[pri:0, instance:Runner.TestRunner@27d415d9]" started-at="2021-02-19T17:09:02Z" name="generateHTMLReports" finished-at="2021-02-19T17:09:03Z" duration-ms="1254" status="PASS">
          <reporter-output>
          </reporter-output>
        </test-method> <!-- generateHTMLReports -->
      </class> <!-- Runner.TestRunner -->
    </test> <!-- Surefire test -->
  </suite> <!-- Surefire suite -->
</testng-results>
