<?xml version="1.0" encoding="UTF-8"?>
<testng-results ignored="0" total="1" passed="1" failed="0" skipped="0">
  <reporter-output>
  </reporter-output>
  <suite started-at="2021-02-23T16:17:37 GMT" name="Testng cucumber suite" finished-at="2021-02-23T16:18:02 GMT" duration-ms="25353">
    <groups>
      <group name="cucumber">
        <method signature="AbstractTestNGCucumberTests.feature(cucumber.api.testng.CucumberFeatureWrapper)[pri:0, instance:Runner.TestRunner@6eda5c9]" name="feature" class="cucumber.api.testng.AbstractTestNGCucumberTests"/>
      </group> <!-- cucumber -->
    </groups>
    <test started-at="2021-02-23T16:17:37 GMT" name="Run all Tests" finished-at="2021-02-23T16:18:02 GMT" duration-ms="25353">
      <class name="Runner.TestRunner">
        <test-method is-config="true" signature="LoadConfigProperty()[pri:0, instance:Runner.TestRunner@6eda5c9]" started-at="2021-02-23T16:17:37 GMT" name="LoadConfigProperty" finished-at="2021-02-23T16:17:37 GMT" duration-ms="66" status="PASS">
          <reporter-output>
          </reporter-output>
        </test-method> <!-- LoadConfigProperty -->
        <test-method is-config="true" signature="setUpClass()[pri:0, instance:Runner.TestRunner@6eda5c9]" started-at="2021-02-23T16:17:37 GMT" name="setUpClass" finished-at="2021-02-23T16:17:37 GMT" duration-ms="579" status="PASS">
          <reporter-output>
          </reporter-output>
        </test-method> <!-- setUpClass -->
        <test-method signature="feature(cucumber.api.testng.CucumberFeatureWrapper)[pri:0, instance:Runner.TestRunner@6eda5c9]" started-at="2021-02-23T16:17:38 GMT" name="feature" description="Runs Cucumber Feature" data-provider="features" finished-at="2021-02-23T16:18:02 GMT" duration-ms="24011" status="PASS">
          <params>
            <param index="0">
              <value>
                <![CDATA[iPhone XR (64GB) - Yellow price comparision]]>
              </value>
            </param>
          </params>
          <reporter-output>
          </reporter-output>
        </test-method> <!-- feature -->
        <test-method is-config="true" signature="tearDownClass()[pri:0, instance:Runner.TestRunner@6eda5c9]" started-at="2021-02-23T16:18:02 GMT" name="tearDownClass" finished-at="2021-02-23T16:18:02 GMT" duration-ms="502" status="PASS">
          <reporter-output>
          </reporter-output>
        </test-method> <!-- tearDownClass -->
        <test-method is-config="true" signature="generateHTMLReports()[pri:0, instance:Runner.TestRunner@6eda5c9]" started-at="2021-02-23T16:18:02 GMT" name="generateHTMLReports" finished-at="2021-02-23T16:18:04 GMT" duration-ms="1416" status="PASS">
          <reporter-output>
          </reporter-output>
        </test-method> <!-- generateHTMLReports -->
      </class> <!-- Runner.TestRunner -->
    </test> <!-- Run all Tests -->
  </suite> <!-- Testng cucumber suite -->
</testng-results>
